# Logfile created on 2014-05-05 19:04:55 -0500 by logger.rb/44203
I, [2014-05-05T19:04:55.099517 #24492]  INFO -- : 0:  addressable (2.3.6) from /home/aharrison/.rvm/gems/ruby-2.1.0/specifications/addressable-2.3.6.gemspec
I, [2014-05-05T19:04:55.548986 #24492]  INFO -- : 0:  configuration (1.3.4) from /home/aharrison/.rvm/gems/ruby-2.1.0/specifications/configuration-1.3.4.gemspec
I, [2014-05-05T19:04:56.061502 #24492]  INFO -- : 0:  multipart-post (2.0.0) from /home/aharrison/.rvm/gems/ruby-2.1.0/specifications/multipart-post-2.0.0.gemspec
I, [2014-05-05T19:04:56.555520 #24492]  INFO -- : 0:  faraday (0.9.0) from /home/aharrison/.rvm/gems/ruby-2.1.0/specifications/faraday-0.9.0.gemspec
E, [2014-05-05T19:05:03.964520 #24492] ERROR -- : Gem::Ext::BuildError: ERROR: Failed to build gem native extension.

    /home/aharrison/.rvm/rubies/ruby-2.1.0/bin/ruby extconf.rb 
/home/aharrison/.rvm/rubies/ruby-2.1.0/bin/ruby: warning: RUBY_HEAP_MIN_SLOTS is obsolete. Use RUBY_GC_HEAP_INIT_SLOTS instead.
The Gosu gem requires some libraries to be installed system-wide.
See the following site for a list:
https://github.com/jlnr/gosu/wiki/Getting-Started-on-Linux

checking for TTF_RenderUTF8_Blended() in -lSDL_ttf... no
checking for FreeImage_ConvertFromRawBits() in -lfreeimage... no
checking for main() in -lopenal... no
creating Makefile

make "DESTDIR=" clean

make "DESTDIR="
compiling RubyGosu_wrap.cxx
cc1plus: warning: command line option ‘-Wdeclaration-after-statement’ is valid for C/ObjC but not for C++ [enabled by default]
cc1plus: warning: command line option ‘-Wimplicit-function-declaration’ is valid for C/ObjC but not for C++ [enabled by default]
In file included from RubyGosu_wrap.cxx:1:0:
../GosuImpl/RubyGosu_wrap.cxx: In function ‘void SWIG_Ruby_define_class(swig_type_info*)’:
../GosuImpl/RubyGosu_wrap.cxx:1468:9: warning: variable ‘klass’ set but not used [-Wunused-but-set-variable]
   VALUE klass;
         ^
In file included from /home/aharrison/.rvm/rubies/ruby-2.1.0/include/ruby-2.1.0/ruby.h:33:0,
                 from ../GosuImpl/RubyGosu_wrap.cxx:850,
                 from RubyGosu_wrap.cxx:1:
../GosuImpl/RubyGosu_wrap.cxx: In function ‘void Gosu::loadBitmap(Gosu::Bitmap&, VALUE)’:
/home/aharrison/.rvm/rubies/ruby-2.1.0/include/ruby-2.1.0/ruby/ruby.h:844:31: warning: comparison between signed and unsigned integer expressions [-Wsign-compare]
      RSTRING(str)->as.heap.len)
                               ^
../GosuImpl/RubyGosu_wrap.cxx:2333:56: note: in expansion of macro ‘RSTRING_LEN’
         else if (width * height * 4 * sizeof(float) == RSTRING_LEN(blob))
                                                        ^
In file included from RubyGosu_wrap.cxx:1:0:
../GosuImpl/RubyGosu_wrap.cxx: In function ‘VALUE SWIG_AUX_NUM2DBL(VALUE*)’:
../GosuImpl/RubyGosu_wrap.cxx:2428:9: warning: unused variable ‘type’ [-Wunused-variable]
   VALUE type = TYPE(obj);
         ^
In file included from RubyGosu_wrap.cxx:1:0:
../GosuImpl/RubyGosu_wrap.cxx: In member function ‘virtual void SwigDirector_Window::update()’:
../GosuImpl/RubyGosu_wrap.cxx:2925:9: warning: variable ‘result’ set but not used [-Wunused-but-set-variable]
   VALUE result;
         ^
../GosuImpl/RubyGosu_wrap.cxx: In member function ‘virtual void SwigDirector_Window::draw()’:
../GosuImpl/RubyGosu_wrap.cxx:2932:9: warning: variable ‘result’ set but not used [-Wunused-but-set-variable]
   VALUE result;
         ^
../GosuImpl/RubyGosu_wrap.cxx: In member function ‘virtual void SwigDirector_Window::loseFocus()’:
../GosuImpl/RubyGosu_wrap.cxx:2969:9: warning: variable ‘result’ set but not used [-Wunused-but-set-variable]
   VALUE result;
         ^
../GosuImpl/RubyGosu_wrap.cxx: In member function ‘virtual void SwigDirector_Window::releaseMemory()’:
../GosuImpl/RubyGosu_wrap.cxx:2976:9: warning: variable ‘result’ set but not used [-Wunused-but-set-variable]
   VALUE result;
         ^
../GosuImpl/RubyGosu_wrap.cxx: In member function ‘virtual void SwigDirector_Window::buttonDown(Gosu::Button)’:
../GosuImpl/RubyGosu_wrap.cxx:2984:9: warning: variable ‘result’ set but not used [-Wunused-but-set-variable]
   VALUE result;
         ^
../GosuImpl/RubyGosu_wrap.cxx: In member function ‘virtual void SwigDirector_Window::buttonUp(Gosu::Button)’:
../GosuImpl/RubyGosu_wrap.cxx:2998:9: warning: variable ‘result’ set but not used [-Wunused-but-set-variable]
   VALUE result;
         ^
compiling BitmapFreeImage.cpp
cc1plus: warning: command line option ‘-Wdeclaration-after-statement’ is valid for C/ObjC but not for C++ [enabled by default]
cc1plus: warning: command line option ‘-Wimplicit-function-declaration’ is valid for C/ObjC but not for C++ [enabled by default]
In file included from BitmapFreeImage.cpp:1:0:
../GosuImpl/Graphics/BitmapFreeImage.cpp:8:23: fatal error: FreeImage.h: No such file or directory
 #include <FreeImage.h>
                       ^
compilation terminated.
make: *** [BitmapFreeImage.o] Error 1

make failed, exit code 2

Gem files will remain installed in /home/aharrison/.rvm/gems/ruby-2.1.0/gems/gosu-0.7.50 for inspection.
Results logged to /home/aharrison/.rvm/gems/ruby-2.1.0/extensions/x86_64-linux/2.1.0/gosu-0.7.50/gem_make.out

/home/aharrison/.rvm/rubies/ruby-2.1.0/lib/ruby/site_ruby/2.1.0/rubygems/ext/builder.rb:89:in `run'  \n/home/aharrison/.rvm/rubies/ruby-2.1.0/lib/ruby/site_ruby/2.1.0/rubygems/ext/builder.rb:51:in `block in make'  \n/home/aharrison/.rvm/rubies/ruby-2.1.0/lib/ruby/site_ruby/2.1.0/rubygems/ext/builder.rb:43:in `each'  \n/home/aharrison/.rvm/rubies/ruby-2.1.0/lib/ruby/site_ruby/2.1.0/rubygems/ext/builder.rb:43:in `make'  \n/home/aharrison/.rvm/rubies/ruby-2.1.0/lib/ruby/site_ruby/2.1.0/rubygems/ext/ext_conf_builder.rb:43:in `block in build'  \n/home/aharrison/.rvm/rubies/ruby-2.1.0/lib/ruby/2.1.0/tempfile.rb:324:in `open'  \n/home/aharrison/.rvm/rubies/ruby-2.1.0/lib/ruby/site_ruby/2.1.0/rubygems/ext/ext_conf_builder.rb:17:in `build'  \n/home/aharrison/.rvm/rubies/ruby-2.1.0/lib/ruby/site_ruby/2.1.0/rubygems/ext/builder.rb:161:in `block (2 levels) in build_extension'  \n/home/aharrison/.rvm/rubies/ruby-2.1.0/lib/ruby/site_ruby/2.1.0/rubygems/ext/builder.rb:160:in `chdir'  \n/home/aharrison/.rvm/rubies/ruby-2.1.0/lib/ruby/site_ruby/2.1.0/rubygems/ext/builder.rb:160:in `block in build_extension'  \n/home/aharrison/.rvm/rubies/ruby-2.1.0/lib/ruby/site_ruby/2.1.0/rubygems/ext/builder.rb:159:in `synchronize'  \n/home/aharrison/.rvm/rubies/ruby-2.1.0/lib/ruby/site_ruby/2.1.0/rubygems/ext/builder.rb:159:in `build_extension'  \n/home/aharrison/.rvm/rubies/ruby-2.1.0/lib/ruby/site_ruby/2.1.0/rubygems/ext/builder.rb:198:in `block in build_extensions'  \n/home/aharrison/.rvm/rubies/ruby-2.1.0/lib/ruby/site_ruby/2.1.0/rubygems/ext/builder.rb:195:in `each'  \n/home/aharrison/.rvm/rubies/ruby-2.1.0/lib/ruby/site_ruby/2.1.0/rubygems/ext/builder.rb:195:in `build_extensions'  \n/home/aharrison/.rvm/rubies/ruby-2.1.0/lib/ruby/site_ruby/2.1.0/rubygems/installer.rb:677:in `build_extensions'  \n/home/aharrison/.rvm/rubies/ruby-2.1.0/lib/ruby/site_ruby/2.1.0/rubygems/installer.rb:232:in `install'  \n/home/aharrison/.rvm/gems/ruby-2.1.0@global/gems/bundler-1.5.1/lib/bundler/source/rubygems.rb:101:in `block in install'  \n/home/aharrison/.rvm/gems/ruby-2.1.0@global/gems/bundler-1.5.1/lib/bundler/rubygems_integration.rb:118:in `preserve_paths'  \n/home/aharrison/.rvm/gems/ruby-2.1.0@global/gems/bundler-1.5.1/lib/bundler/source/rubygems.rb:94:in `install'  \n/home/aharrison/.rvm/gems/ruby-2.1.0@global/gems/bundler-1.5.1/lib/bundler/installer.rb:111:in `block in install_gem_from_spec'  \n/home/aharrison/.rvm/gems/ruby-2.1.0@global/gems/bundler-1.5.1/lib/bundler/rubygems_integration.rb:150:in `with_build_args'  \n/home/aharrison/.rvm/gems/ruby-2.1.0@global/gems/bundler-1.5.1/lib/bundler/installer.rb:110:in `install_gem_from_spec'  \n/home/aharrison/.rvm/gems/ruby-2.1.0@global/gems/bundler-1.5.1/lib/bundler/installer.rb:295:in `block in install_sequentially'  \n/home/aharrison/.rvm/rubies/ruby-2.1.0/lib/ruby/2.1.0/forwardable.rb:183:in `each'  \n/home/aharrison/.rvm/rubies/ruby-2.1.0/lib/ruby/2.1.0/forwardable.rb:183:in `each'  \n/home/aharrison/.rvm/gems/ruby-2.1.0@global/gems/bundler-1.5.1/lib/bundler/installer.rb:294:in `install_sequentially'  \n/home/aharrison/.rvm/gems/ruby-2.1.0@global/gems/bundler-1.5.1/lib/bundler/installer.rb:97:in `run'  \n/home/aharrison/.rvm/gems/ruby-2.1.0@global/gems/bundler-1.5.1/lib/bundler/installer.rb:15:in `install'  \n/home/aharrison/.rvm/gems/ruby-2.1.0@global/gems/bundler-1.5.1/lib/bundler/cli.rb:257:in `install'  \n/home/aharrison/.rvm/gems/ruby-2.1.0@global/gems/bundler-1.5.1/lib/bundler/vendor/thor/command.rb:27:in `run'  \n/home/aharrison/.rvm/gems/ruby-2.1.0@global/gems/bundler-1.5.1/lib/bundler/vendor/thor/invocation.rb:120:in `invoke_command'  \n/home/aharrison/.rvm/gems/ruby-2.1.0@global/gems/bundler-1.5.1/lib/bundler/vendor/thor.rb:363:in `dispatch'  \n/home/aharrison/.rvm/gems/ruby-2.1.0@global/gems/bundler-1.5.1/lib/bundler/vendor/thor/base.rb:438:in `start'  \n/home/aharrison/.rvm/gems/ruby-2.1.0@global/gems/bundler-1.5.1/lib/bundler/cli.rb:10:in `start'  \n/home/aharrison/.rvm/gems/ruby-2.1.0@global/gems/bundler-1.5.1/bin/bundle:22:in `block in <top (required)>'  \n/home/aharrison/.rvm/gems/ruby-2.1.0@global/gems/bundler-1.5.1/lib/bundler/friendly_errors.rb:5:in `with_friendly_errors'  \n/home/aharrison/.rvm/gems/ruby-2.1.0@global/gems/bundler-1.5.1/bin/bundle:22:in `<top (required)>'  \n/home/aharrison/.rvm/gems/ruby-2.1.0@global/bin/bundle:23:in `load'  \n/home/aharrison/.rvm/gems/ruby-2.1.0@global/bin/bundle:23:in `<main>'  \n/home/aharrison/.rvm/gems/ruby-2.1.0/bin/ruby_executable_hooks:15:in `eval'  \n/home/aharrison/.rvm/gems/ruby-2.1.0/bin/ruby_executable_hooks:15:in `<main>'
I, [2014-05-05T19:06:17.879419 #24660]  INFO -- : 0:  addressable (2.3.6) from /home/aharrison/.rvm/gems/ruby-2.1.0/specifications/addressable-2.3.6.gemspec
I, [2014-05-05T19:06:17.879807 #24660]  INFO -- : 0:  configuration (1.3.4) from /home/aharrison/.rvm/gems/ruby-2.1.0/specifications/configuration-1.3.4.gemspec
I, [2014-05-05T19:06:17.880097 #24660]  INFO -- : 0:  multipart-post (2.0.0) from /home/aharrison/.rvm/gems/ruby-2.1.0/specifications/multipart-post-2.0.0.gemspec
I, [2014-05-05T19:06:17.880351 #24660]  INFO -- : 0:  faraday (0.9.0) from /home/aharrison/.rvm/gems/ruby-2.1.0/specifications/faraday-0.9.0.gemspec
E, [2014-05-05T19:06:24.817253 #24660] ERROR -- : Gem::Ext::BuildError: ERROR: Failed to build gem native extension.

    /home/aharrison/.rvm/rubies/ruby-2.1.0/bin/ruby extconf.rb 
/home/aharrison/.rvm/rubies/ruby-2.1.0/bin/ruby: warning: RUBY_HEAP_MIN_SLOTS is obsolete. Use RUBY_GC_HEAP_INIT_SLOTS instead.
The Gosu gem requires some libraries to be installed system-wide.
See the following site for a list:
https://github.com/jlnr/gosu/wiki/Getting-Started-on-Linux

checking for TTF_RenderUTF8_Blended() in -lSDL_ttf... no
checking for FreeImage_ConvertFromRawBits() in -lfreeimage... no
checking for main() in -lopenal... no
creating Makefile

make "DESTDIR=" clean

make "DESTDIR="
compiling RubyGosu_wrap.cxx
cc1plus: warning: command line option ‘-Wdeclaration-after-statement’ is valid for C/ObjC but not for C++ [enabled by default]
cc1plus: warning: command line option ‘-Wimplicit-function-declaration’ is valid for C/ObjC but not for C++ [enabled by default]
In file included from RubyGosu_wrap.cxx:1:0:
../GosuImpl/RubyGosu_wrap.cxx: In function ‘void SWIG_Ruby_define_class(swig_type_info*)’:
../GosuImpl/RubyGosu_wrap.cxx:1468:9: warning: variable ‘klass’ set but not used [-Wunused-but-set-variable]
   VALUE klass;
         ^
In file included from /home/aharrison/.rvm/rubies/ruby-2.1.0/include/ruby-2.1.0/ruby.h:33:0,
                 from ../GosuImpl/RubyGosu_wrap.cxx:850,
                 from RubyGosu_wrap.cxx:1:
../GosuImpl/RubyGosu_wrap.cxx: In function ‘void Gosu::loadBitmap(Gosu::Bitmap&, VALUE)’:
/home/aharrison/.rvm/rubies/ruby-2.1.0/include/ruby-2.1.0/ruby/ruby.h:844:31: warning: comparison between signed and unsigned integer expressions [-Wsign-compare]
      RSTRING(str)->as.heap.len)
                               ^
../GosuImpl/RubyGosu_wrap.cxx:2333:56: note: in expansion of macro ‘RSTRING_LEN’
         else if (width * height * 4 * sizeof(float) == RSTRING_LEN(blob))
                                                        ^
In file included from RubyGosu_wrap.cxx:1:0:
../GosuImpl/RubyGosu_wrap.cxx: In function ‘VALUE SWIG_AUX_NUM2DBL(VALUE*)’:
../GosuImpl/RubyGosu_wrap.cxx:2428:9: warning: unused variable ‘type’ [-Wunused-variable]
   VALUE type = TYPE(obj);
         ^
In file included from RubyGosu_wrap.cxx:1:0:
../GosuImpl/RubyGosu_wrap.cxx: In member function ‘virtual void SwigDirector_Window::update()’:
../GosuImpl/RubyGosu_wrap.cxx:2925:9: warning: variable ‘result’ set but not used [-Wunused-but-set-variable]
   VALUE result;
         ^
../GosuImpl/RubyGosu_wrap.cxx: In member function ‘virtual void SwigDirector_Window::draw()’:
../GosuImpl/RubyGosu_wrap.cxx:2932:9: warning: variable ‘result’ set but not used [-Wunused-but-set-variable]
   VALUE result;
         ^
../GosuImpl/RubyGosu_wrap.cxx: In member function ‘virtual void SwigDirector_Window::loseFocus()’:
../GosuImpl/RubyGosu_wrap.cxx:2969:9: warning: variable ‘result’ set but not used [-Wunused-but-set-variable]
   VALUE result;
         ^
../GosuImpl/RubyGosu_wrap.cxx: In member function ‘virtual void SwigDirector_Window::releaseMemory()’:
../GosuImpl/RubyGosu_wrap.cxx:2976:9: warning: variable ‘result’ set but not used [-Wunused-but-set-variable]
   VALUE result;
         ^
../GosuImpl/RubyGosu_wrap.cxx: In member function ‘virtual void SwigDirector_Window::buttonDown(Gosu::Button)’:
../GosuImpl/RubyGosu_wrap.cxx:2984:9: warning: variable ‘result’ set but not used [-Wunused-but-set-variable]
   VALUE result;
         ^
../GosuImpl/RubyGosu_wrap.cxx: In member function ‘virtual void SwigDirector_Window::buttonUp(Gosu::Button)’:
../GosuImpl/RubyGosu_wrap.cxx:2998:9: warning: variable ‘result’ set but not used [-Wunused-but-set-variable]
   VALUE result;
         ^
compiling BitmapFreeImage.cpp
cc1plus: warning: command line option ‘-Wdeclaration-after-statement’ is valid for C/ObjC but not for C++ [enabled by default]
cc1plus: warning: command line option ‘-Wimplicit-function-declaration’ is valid for C/ObjC but not for C++ [enabled by default]
In file included from BitmapFreeImage.cpp:1:0:
../GosuImpl/Graphics/BitmapFreeImage.cpp:8:23: fatal error: FreeImage.h: No such file or directory
 #include <FreeImage.h>
                       ^
compilation terminated.
make: *** [BitmapFreeImage.o] Error 1

make failed, exit code 2

Gem files will remain installed in /home/aharrison/.rvm/gems/ruby-2.1.0/gems/gosu-0.7.50 for inspection.
Results logged to /home/aharrison/.rvm/gems/ruby-2.1.0/extensions/x86_64-linux/2.1.0/gosu-0.7.50/gem_make.out

/home/aharrison/.rvm/rubies/ruby-2.1.0/lib/ruby/site_ruby/2.1.0/rubygems/ext/builder.rb:89:in `run'  \n/home/aharrison/.rvm/rubies/ruby-2.1.0/lib/ruby/site_ruby/2.1.0/rubygems/ext/builder.rb:51:in `block in make'  \n/home/aharrison/.rvm/rubies/ruby-2.1.0/lib/ruby/site_ruby/2.1.0/rubygems/ext/builder.rb:43:in `each'  \n/home/aharrison/.rvm/rubies/ruby-2.1.0/lib/ruby/site_ruby/2.1.0/rubygems/ext/builder.rb:43:in `make'  \n/home/aharrison/.rvm/rubies/ruby-2.1.0/lib/ruby/site_ruby/2.1.0/rubygems/ext/ext_conf_builder.rb:43:in `block in build'  \n/home/aharrison/.rvm/rubies/ruby-2.1.0/lib/ruby/2.1.0/tempfile.rb:324:in `open'  \n/home/aharrison/.rvm/rubies/ruby-2.1.0/lib/ruby/site_ruby/2.1.0/rubygems/ext/ext_conf_builder.rb:17:in `build'  \n/home/aharrison/.rvm/rubies/ruby-2.1.0/lib/ruby/site_ruby/2.1.0/rubygems/ext/builder.rb:161:in `block (2 levels) in build_extension'  \n/home/aharrison/.rvm/rubies/ruby-2.1.0/lib/ruby/site_ruby/2.1.0/rubygems/ext/builder.rb:160:in `chdir'  \n/home/aharrison/.rvm/rubies/ruby-2.1.0/lib/ruby/site_ruby/2.1.0/rubygems/ext/builder.rb:160:in `block in build_extension'  \n/home/aharrison/.rvm/rubies/ruby-2.1.0/lib/ruby/site_ruby/2.1.0/rubygems/ext/builder.rb:159:in `synchronize'  \n/home/aharrison/.rvm/rubies/ruby-2.1.0/lib/ruby/site_ruby/2.1.0/rubygems/ext/builder.rb:159:in `build_extension'  \n/home/aharrison/.rvm/rubies/ruby-2.1.0/lib/ruby/site_ruby/2.1.0/rubygems/ext/builder.rb:198:in `block in build_extensions'  \n/home/aharrison/.rvm/rubies/ruby-2.1.0/lib/ruby/site_ruby/2.1.0/rubygems/ext/builder.rb:195:in `each'  \n/home/aharrison/.rvm/rubies/ruby-2.1.0/lib/ruby/site_ruby/2.1.0/rubygems/ext/builder.rb:195:in `build_extensions'  \n/home/aharrison/.rvm/rubies/ruby-2.1.0/lib/ruby/site_ruby/2.1.0/rubygems/installer.rb:677:in `build_extensions'  \n/home/aharrison/.rvm/rubies/ruby-2.1.0/lib/ruby/site_ruby/2.1.0/rubygems/installer.rb:232:in `install'  \n/home/aharrison/.rvm/gems/ruby-2.1.0@global/gems/bundler-1.5.1/lib/bundler/source/rubygems.rb:101:in `block in install'  \n/home/aharrison/.rvm/gems/ruby-2.1.0@global/gems/bundler-1.5.1/lib/bundler/rubygems_integration.rb:118:in `preserve_paths'  \n/home/aharrison/.rvm/gems/ruby-2.1.0@global/gems/bundler-1.5.1/lib/bundler/source/rubygems.rb:94:in `install'  \n/home/aharrison/.rvm/gems/ruby-2.1.0@global/gems/bundler-1.5.1/lib/bundler/installer.rb:111:in `block in install_gem_from_spec'  \n/home/aharrison/.rvm/gems/ruby-2.1.0@global/gems/bundler-1.5.1/lib/bundler/rubygems_integration.rb:150:in `with_build_args'  \n/home/aharrison/.rvm/gems/ruby-2.1.0@global/gems/bundler-1.5.1/lib/bundler/installer.rb:110:in `install_gem_from_spec'  \n/home/aharrison/.rvm/gems/ruby-2.1.0@global/gems/bundler-1.5.1/lib/bundler/installer.rb:295:in `block in install_sequentially'  \n/home/aharrison/.rvm/rubies/ruby-2.1.0/lib/ruby/2.1.0/forwardable.rb:183:in `each'  \n/home/aharrison/.rvm/rubies/ruby-2.1.0/lib/ruby/2.1.0/forwardable.rb:183:in `each'  \n/home/aharrison/.rvm/gems/ruby-2.1.0@global/gems/bundler-1.5.1/lib/bundler/installer.rb:294:in `install_sequentially'  \n/home/aharrison/.rvm/gems/ruby-2.1.0@global/gems/bundler-1.5.1/lib/bundler/installer.rb:97:in `run'  \n/home/aharrison/.rvm/gems/ruby-2.1.0@global/gems/bundler-1.5.1/lib/bundler/installer.rb:15:in `install'  \n/home/aharrison/.rvm/gems/ruby-2.1.0@global/gems/bundler-1.5.1/lib/bundler/cli.rb:257:in `install'  \n/home/aharrison/.rvm/gems/ruby-2.1.0@global/gems/bundler-1.5.1/lib/bundler/vendor/thor/command.rb:27:in `run'  \n/home/aharrison/.rvm/gems/ruby-2.1.0@global/gems/bundler-1.5.1/lib/bundler/vendor/thor/invocation.rb:120:in `invoke_command'  \n/home/aharrison/.rvm/gems/ruby-2.1.0@global/gems/bundler-1.5.1/lib/bundler/vendor/thor.rb:363:in `dispatch'  \n/home/aharrison/.rvm/gems/ruby-2.1.0@global/gems/bundler-1.5.1/lib/bundler/vendor/thor/base.rb:438:in `start'  \n/home/aharrison/.rvm/gems/ruby-2.1.0@global/gems/bundler-1.5.1/lib/bundler/cli.rb:10:in `start'  \n/home/aharrison/.rvm/gems/ruby-2.1.0@global/gems/bundler-1.5.1/bin/bundle:22:in `block in <top (required)>'  \n/home/aharrison/.rvm/gems/ruby-2.1.0@global/gems/bundler-1.5.1/lib/bundler/friendly_errors.rb:5:in `with_friendly_errors'  \n/home/aharrison/.rvm/gems/ruby-2.1.0@global/gems/bundler-1.5.1/bin/bundle:22:in `<top (required)>'  \n/home/aharrison/.rvm/gems/ruby-2.1.0@global/bin/bundle:23:in `load'  \n/home/aharrison/.rvm/gems/ruby-2.1.0@global/bin/bundle:23:in `<main>'  \n/home/aharrison/.rvm/gems/ruby-2.1.0/bin/ruby_executable_hooks:15:in `eval'  \n/home/aharrison/.rvm/gems/ruby-2.1.0/bin/ruby_executable_hooks:15:in `<main>'
